2023-10-19 10:46:45 159 [main] DEBUG org.mybatis.spring.mapper.ClassPathMapperScanner - Identified candidate component class: file [C:\sts3.9-bundle\workspace\MySpringFW\target\classes\myspring\book\dao\mapper\BookMapper.class]
2023-10-19 10:46:45 342 [main] DEBUG org.apache.ibatis.logging.LogFactory - Logging initialized using 'class org.apache.ibatis.logging.log4j2.Log4j2Impl' adapter.
2023-10-19 10:46:45 489 [main] DEBUG org.mybatis.spring.SqlSessionUtils - Creating a new SqlSession
2023-10-19 10:46:45 497 [main] DEBUG org.mybatis.spring.SqlSessionUtils - SqlSession [org.apache.ibatis.session.defaults.DefaultSqlSession@619bfe29] was not registered for synchronization because synchronization is not active
2023-10-19 10:46:45 660 [main] DEBUG org.mybatis.spring.transaction.SpringManagedTransaction - JDBC Connection [HikariProxyConnection@1780293706 wrapping org.mariadb.jdbc.Connection@62dae245] will not be managed by Spring
2023-10-19 10:46:45 671 [main] DEBUG myspring.book.dao.mapper.BookMapper.selectBookById - ==>  Preparing: select * from book where id=?
2023-10-19 10:46:45 694 [main] DEBUG myspring.book.dao.mapper.BookMapper.selectBookById - ==> Parameters: 1(Integer)
2023-10-19 10:46:45 714 [main] DEBUG myspring.book.dao.mapper.BookMapper.selectBookById - <==      Total: 1
2023-10-19 10:46:45 721 [main] DEBUG org.mybatis.spring.SqlSessionUtils - Closing non transactional SqlSession [org.apache.ibatis.session.defaults.DefaultSqlSession@619bfe29]
2023-10-19 10:55:25 551 [main] DEBUG org.mybatis.spring.mapper.ClassPathMapperScanner - Identified candidate component class: file [C:\sts3.9-bundle\workspace\MySpringFW\target\classes\myspring\book\dao\mapper\BookMapper.class]
2023-10-19 10:55:25 797 [main] DEBUG org.apache.ibatis.logging.LogFactory - Logging initialized using 'class org.apache.ibatis.logging.log4j2.Log4j2Impl' adapter.
2023-10-19 10:55:25 953 [main] DEBUG org.mybatis.spring.SqlSessionUtils - Creating a new SqlSession
2023-10-19 10:55:25 961 [main] DEBUG org.mybatis.spring.SqlSessionUtils - SqlSession [org.apache.ibatis.session.defaults.DefaultSqlSession@65a4798f] was not registered for synchronization because synchronization is not active
2023-10-19 10:55:26 114 [main] DEBUG org.mybatis.spring.transaction.SpringManagedTransaction - JDBC Connection [HikariProxyConnection@172518776 wrapping org.mariadb.jdbc.Connection@cdc3aae] will not be managed by Spring
2023-10-19 10:55:26 120 [main] DEBUG myspring.book.dao.mapper.BookMapper.selectBookById - ==>  Preparing: select * from book where id=?
2023-10-19 10:55:26 147 [main] DEBUG myspring.book.dao.mapper.BookMapper.selectBookById - ==> Parameters: 1(Integer)
2023-10-19 10:55:26 165 [main] DEBUG myspring.book.dao.mapper.BookMapper.selectBookById - <==      Total: 1
2023-10-19 10:55:26 173 [main] DEBUG org.mybatis.spring.SqlSessionUtils - Closing non transactional SqlSession [org.apache.ibatis.session.defaults.DefaultSqlSession@65a4798f]
2023-10-19 10:55:26 191 [main] DEBUG org.mybatis.spring.SqlSessionUtils - Creating a new SqlSession
2023-10-19 10:55:26 191 [main] DEBUG org.mybatis.spring.SqlSessionUtils - SqlSession [org.apache.ibatis.session.defaults.DefaultSqlSession@64c2b546] was not registered for synchronization because synchronization is not active
2023-10-19 10:55:26 195 [main] DEBUG org.mybatis.spring.transaction.SpringManagedTransaction - JDBC Connection [HikariProxyConnection@2047984839 wrapping org.mariadb.jdbc.Connection@4cc547a] will not be managed by Spring
2023-10-19 10:55:26 196 [main] DEBUG myspring.book.dao.mapper.BookMapper.selectBookById - ==>  Preparing: select * from book where id=?
2023-10-19 10:55:26 196 [main] DEBUG myspring.book.dao.mapper.BookMapper.selectBookById - ==> Parameters: 0(Integer)
2023-10-19 10:55:26 197 [main] DEBUG myspring.book.dao.mapper.BookMapper.selectBookById - <==      Total: 0
2023-10-19 10:55:26 197 [main] DEBUG org.mybatis.spring.SqlSessionUtils - Closing non transactional SqlSession [org.apache.ibatis.session.defaults.DefaultSqlSession@64c2b546]
2023-10-19 10:56:03 123 [main] DEBUG org.mybatis.spring.mapper.ClassPathMapperScanner - Identified candidate component class: file [C:\sts3.9-bundle\workspace\MySpringFW\target\classes\myspring\book\dao\mapper\BookMapper.class]
2023-10-19 10:56:03 329 [main] DEBUG org.apache.ibatis.logging.LogFactory - Logging initialized using 'class org.apache.ibatis.logging.log4j2.Log4j2Impl' adapter.
2023-10-19 10:56:03 513 [main] DEBUG org.mybatis.spring.SqlSessionUtils - Creating a new SqlSession
2023-10-19 10:56:03 527 [main] DEBUG org.mybatis.spring.SqlSessionUtils - SqlSession [org.apache.ibatis.session.defaults.DefaultSqlSession@65a4798f] was not registered for synchronization because synchronization is not active
2023-10-19 10:56:03 715 [main] DEBUG org.mybatis.spring.transaction.SpringManagedTransaction - JDBC Connection [HikariProxyConnection@172518776 wrapping org.mariadb.jdbc.Connection@cdc3aae] will not be managed by Spring
2023-10-19 10:56:03 723 [main] DEBUG myspring.book.dao.mapper.BookMapper.selectBookById - ==>  Preparing: select * from book where id=?
2023-10-19 10:56:03 751 [main] DEBUG myspring.book.dao.mapper.BookMapper.selectBookById - ==> Parameters: 1(Integer)
2023-10-19 10:56:03 776 [main] DEBUG myspring.book.dao.mapper.BookMapper.selectBookById - <==      Total: 1
2023-10-19 10:56:03 786 [main] DEBUG org.mybatis.spring.SqlSessionUtils - Closing non transactional SqlSession [org.apache.ibatis.session.defaults.DefaultSqlSession@65a4798f]
2023-10-19 10:56:03 802 [main] DEBUG org.mybatis.spring.SqlSessionUtils - Creating a new SqlSession
2023-10-19 10:56:03 803 [main] DEBUG org.mybatis.spring.SqlSessionUtils - SqlSession [org.apache.ibatis.session.defaults.DefaultSqlSession@64c2b546] was not registered for synchronization because synchronization is not active
2023-10-19 10:56:03 807 [main] DEBUG org.mybatis.spring.transaction.SpringManagedTransaction - JDBC Connection [HikariProxyConnection@2047984839 wrapping org.mariadb.jdbc.Connection@4cc547a] will not be managed by Spring
2023-10-19 10:56:03 808 [main] DEBUG myspring.book.dao.mapper.BookMapper.selectBookById - ==>  Preparing: select * from book where id=?
2023-10-19 10:56:03 808 [main] DEBUG myspring.book.dao.mapper.BookMapper.selectBookById - ==> Parameters: 1(Integer)
2023-10-19 10:56:03 810 [main] DEBUG myspring.book.dao.mapper.BookMapper.selectBookById - <==      Total: 1
2023-10-19 10:56:03 810 [main] DEBUG org.mybatis.spring.SqlSessionUtils - Closing non transactional SqlSession [org.apache.ibatis.session.defaults.DefaultSqlSession@64c2b546]
2023-10-19 10:56:34 882 [main] DEBUG org.mybatis.spring.mapper.ClassPathMapperScanner - Identified candidate component class: file [C:\sts3.9-bundle\workspace\MySpringFW\target\classes\myspring\book\dao\mapper\BookMapper.class]
2023-10-19 10:56:35 072 [main] DEBUG org.apache.ibatis.logging.LogFactory - Logging initialized using 'class org.apache.ibatis.logging.log4j2.Log4j2Impl' adapter.
2023-10-19 10:56:35 227 [main] DEBUG org.mybatis.spring.SqlSessionUtils - Creating a new SqlSession
2023-10-19 10:56:35 233 [main] DEBUG org.mybatis.spring.SqlSessionUtils - SqlSession [org.apache.ibatis.session.defaults.DefaultSqlSession@65a4798f] was not registered for synchronization because synchronization is not active
2023-10-19 10:56:35 375 [main] DEBUG org.mybatis.spring.transaction.SpringManagedTransaction - JDBC Connection [HikariProxyConnection@172518776 wrapping org.mariadb.jdbc.Connection@cdc3aae] will not be managed by Spring
2023-10-19 10:56:35 381 [main] DEBUG myspring.book.dao.mapper.BookMapper.selectBookById - ==>  Preparing: select * from book where id=?
2023-10-19 10:56:35 419 [main] DEBUG myspring.book.dao.mapper.BookMapper.selectBookById - ==> Parameters: 1(Integer)
2023-10-19 10:56:35 459 [main] DEBUG myspring.book.dao.mapper.BookMapper.selectBookById - <==      Total: 1
2023-10-19 10:56:35 471 [main] DEBUG org.mybatis.spring.SqlSessionUtils - Closing non transactional SqlSession [org.apache.ibatis.session.defaults.DefaultSqlSession@65a4798f]
2023-10-19 10:56:35 522 [main] DEBUG org.mybatis.spring.SqlSessionUtils - Creating a new SqlSession
2023-10-19 10:56:35 523 [main] DEBUG org.mybatis.spring.SqlSessionUtils - SqlSession [org.apache.ibatis.session.defaults.DefaultSqlSession@64c2b546] was not registered for synchronization because synchronization is not active
2023-10-19 10:56:35 523 [main] DEBUG org.mybatis.spring.transaction.SpringManagedTransaction - JDBC Connection [HikariProxyConnection@2114537280 wrapping org.mariadb.jdbc.Connection@7a11c4c7] will not be managed by Spring
2023-10-19 10:56:35 524 [main] DEBUG myspring.book.dao.mapper.BookMapper.selectBookById - ==>  Preparing: select * from book where id=?
2023-10-19 10:56:35 524 [main] DEBUG myspring.book.dao.mapper.BookMapper.selectBookById - ==> Parameters: 1(Integer)
2023-10-19 10:56:35 527 [main] DEBUG myspring.book.dao.mapper.BookMapper.selectBookById - <==      Total: 1
2023-10-19 10:56:35 527 [main] DEBUG org.mybatis.spring.SqlSessionUtils - Closing non transactional SqlSession [org.apache.ibatis.session.defaults.DefaultSqlSession@64c2b546]
2023-10-19 10:58:35 152 [main] DEBUG org.mybatis.spring.mapper.ClassPathMapperScanner - Identified candidate component class: file [C:\sts3.9-bundle\workspace\MySpringFW\target\classes\myspring\book\dao\mapper\BookMapper.class]
2023-10-19 10:58:35 354 [main] DEBUG org.apache.ibatis.logging.LogFactory - Logging initialized using 'class org.apache.ibatis.logging.log4j2.Log4j2Impl' adapter.
2023-10-19 10:58:35 540 [main] DEBUG org.mybatis.spring.SqlSessionUtils - Creating a new SqlSession
2023-10-19 10:58:35 548 [main] DEBUG org.mybatis.spring.SqlSessionUtils - SqlSession [org.apache.ibatis.session.defaults.DefaultSqlSession@65a4798f] was not registered for synchronization because synchronization is not active
2023-10-19 10:58:35 732 [main] DEBUG org.mybatis.spring.transaction.SpringManagedTransaction - JDBC Connection [HikariProxyConnection@172518776 wrapping org.mariadb.jdbc.Connection@cdc3aae] will not be managed by Spring
2023-10-19 10:58:35 740 [main] DEBUG myspring.book.dao.mapper.BookMapper.selectBookById - ==>  Preparing: select * from book where id=?
2023-10-19 10:58:35 767 [main] DEBUG myspring.book.dao.mapper.BookMapper.selectBookById - ==> Parameters: 1(Integer)
2023-10-19 10:58:35 794 [main] DEBUG myspring.book.dao.mapper.BookMapper.selectBookById - <==      Total: 1
2023-10-19 10:58:35 802 [main] DEBUG org.mybatis.spring.SqlSessionUtils - Closing non transactional SqlSession [org.apache.ibatis.session.defaults.DefaultSqlSession@65a4798f]
2023-10-19 10:58:35 819 [main] DEBUG org.mybatis.spring.SqlSessionUtils - Creating a new SqlSession
2023-10-19 10:58:35 819 [main] DEBUG org.mybatis.spring.SqlSessionUtils - SqlSession [org.apache.ibatis.session.defaults.DefaultSqlSession@64c2b546] was not registered for synchronization because synchronization is not active
2023-10-19 10:58:35 824 [main] DEBUG org.mybatis.spring.transaction.SpringManagedTransaction - JDBC Connection [HikariProxyConnection@2047984839 wrapping org.mariadb.jdbc.Connection@4cc547a] will not be managed by Spring
2023-10-19 10:58:35 824 [main] DEBUG myspring.book.dao.mapper.BookMapper.selectBookById - ==>  Preparing: select * from book where id=?
2023-10-19 10:58:35 824 [main] DEBUG myspring.book.dao.mapper.BookMapper.selectBookById - ==> Parameters: 1(Integer)
2023-10-19 10:58:35 826 [main] DEBUG myspring.book.dao.mapper.BookMapper.selectBookById - <==      Total: 1
2023-10-19 10:58:35 826 [main] DEBUG org.mybatis.spring.SqlSessionUtils - Closing non transactional SqlSession [org.apache.ibatis.session.defaults.DefaultSqlSession@64c2b546]
